<?xml version="1.0" encoding="UTF-8"?>
<testng-results skipped="0" failed="0" ignored="0" total="0" passed="0">
  <reporter-output>
  </reporter-output>
  <suite name="SmokeTest.RegressionTest" duration-ms="6" started-at="2019-10-23T02:41:37Z" finished-at="2019-10-23T02:41:37Z">
    <groups>
    </groups>
    <test name="Command line test" duration-ms="6" started-at="2019-10-23T02:41:37Z" finished-at="2019-10-23T02:41:37Z">
    </test> <!-- Command line test -->
  </suite> <!-- SmokeTest.RegressionTest -->
</testng-results>
